---
author: test
include_newlines: "comme vous les voyez\nces trois lignes de poésie\nvont apparaître\n"
people:
  - 
    hobbies:
      - 'Radio amateur'
      - 'Pet adoption & fostering'
      - Puzzle
    job: Developeur
    name: "John D'vloper"
  - 
    hobbies:
      - 'Patin à glace'
      - 'Water polo'
      - Spéléologie
    job: Developeur
    name: 'Tabitha Bitumen'
tags:
  - yaml
  - markdown
title: 'YAML a-t-il sa place en Markdown?'
wrappedtext: "Ceci est une seule ligne, malgré les apparences\n"
---

# YAML a-t-il sa place en Markdown?

De nombreux générateurs de sites comme Jekyll, Hugo, Lektor et d'autres
utilisent un format standard: Markdown avec un entête en YAML.

Pourquoi
---

Parce que les posts de blog ont besoin de metadata!

