
# Alles über Beschreibungen, Grafiken und Bildschirmfotos

Jede App kann vollständige App-Store-Inhalte besitzen, einschließlich
lokalisierter Beschreibungen, Funktionsgrafiken und Bildschirmfotos (wie bei
v0.103 der F-Droid-App und v0.8 von  _fdroidserver_).  Dies ist möglich,
sowohl wenn Apps über die [Herstellung aus
Metadaten](../Build_Metadata_Reference) hinzugefügt werden, als auch wenn
vorgefertigte Dateien in ein einfaches Repository aufgenommen werden.  Um
App-Store-Inhalte für Apps einzuschließen, gibt es drei Wege (nach Priorität
geordnet):


* Diese Zeile nicht entfernen (sie wird nicht angezeigt)
{:toc}


```
- <fdroiddata>/
  └── metadata/
      └── <package-id>/
          └── <locale>/
              ├── full_description.txt
              ├── short_description.txt
              ├── title.txt
              ├── video.txt
              ├── changelogs/
              │   ├── <version-code>.txt
              │   └── <version-code>.txt
              └── images/
                  ├── featureGraphic.png
                  ├── icon.png
                  ├── promoGraphic.png
                  ├── tvBanner.png
                  ├── phoneScreenshots/
                  │   └── *.png
                  ├── sevenInchScreenshots/
                  │   └── *.png
                  ├── tenInchScreenshots/
                  │   └── *.png
                  ├── tvScreenshots/
                  │   └── *.png
                  └── wearScreenshots/
                      └── *.png
```
