---
author: test
paragraph: "Un texte à traduire, svp.\n"
people:
  - 
    hobbies:
      - 'Amateur radio'
      - 'Pet adoption & fostering'
      - Puzzle
    name: "John D'vloper"
    title: Developeur
  - 
    hobbies:
      - 'Ice skating'
      - 'Water polo'
      - Caving
    name: 'Tabitha Bitumen'
    title: Developeur
subtitle: 'Je veux dire : pourquoi pas ?'
tags:
  - yaml
  - markdown
title: 'YAML a-t-il sa place en Markdown?'
---

# YAML a-t-il sa place en Markdown?

De nombreux générateurs de sites comme Jekyll, Hugo, Lektor et d'autres
utilisent un format standard: Markdown avec un entête en YAML.

Pourquoi
---

Parce que les posts de blog ont besoin de metadata!

