Test Tables
===========

`---`---
1   2
3   4
5   6
--------


.An example table
[grid="all"]
'---------.--------------
Column 1   Column 2
-------------------------
1          Item 1
2          Item 2
3          Item 3
-------------------------
6          Three items
-------------------------

[frame="all"]
````~15
1,2,3,4
a,b,c,d
A,B,C,D
~~~~~~~~

[frame="all", grid="all"]
.15`20`25`20`~~~~~~~~~~~~~~~~~~~~~~~~~~~~~~~~~~~~~~~
ID,Customer Name,Contact Name,Customer Address,Phone
~~~~~~~~~~~~~~~~~~~~~~~~~~~~~~~~~~~~~~~~~~~~~~~~~~~~
include::customers.csv[]
~~~~~~~~~~~~~~~~~~~~~~~~~~~~~~~~~~~~~~~~~~~~~~~~~~~~


