Test Lists
==========

Bulleted and Numbered Lists
---------------------------

- List item.
* List item.

.  Integer numbered list item.
1. Integer numbered list item with optional numbering.
.. Lowercase letter numbered list item.
a. Lowercase letter numbered list item with optional numbering.

- Lorem ipsum dolor sit amet, consectetuer adipiscing elit.
  * Fusce euismod commodo velit.
  * Qui in magna commodo, est labitur dolorum an. Est ne magna primis
    adolescens. Sit munere ponderum dignissim et. Minim luptatum et vel.
  * Vivamus fringilla mi eu lacus.
  * Donec eget arcu bibendum nunc consequat lobortis.
- Nulla porttitor vulputate libero.
  . Fusce euismod commodo velit.
  . Vivamus fringilla mi eu lacus.
    .. Fusce euismod commodo velit.
    .. Vivamus fringilla mi eu lacus.
  . Donec eget arcu bibendum nunc consequat lobortis.
- Praesent eget purus quis magna eleifend eleifend.
  1. Fusce euismod commodo velit.
    a. Fusce euismod commodo velit.
    b. Vivamus fringilla mi eu lacus.
    c. Donec eget arcu bibendum nunc consequat lobortis.
  2. Vivamus fringilla mi eu lacus.
  3. Donec eget arcu bibendum nunc consequat lobortis.
  4. Nam fermentum mattis ante.

Vertical Labeled Lists
----------------------

Lorem::
  Fusce euismod commodo velit.

  Fusce euismod commodo velit.

Ipsum::
  Vivamus fringilla mi eu lacus.
  * Vivamus fringilla mi eu lacus.
  * Donec eget arcu bibendum nunc consequat lobortis.
Dolor::
  Donec eget arcu bibendum nunc consequat lobortis.
  Suspendisse;;
    A massa id sem aliquam auctor.
  Morbi;;
    Pretium nulla vel lorem.
  In;;
    Dictum mauris in urna.

Horizontal Labeled Lists
------------------------

*Lorem*:: Fusce euismod commodo velit.  Qui in magna commodo, est labitur dolorum
an. Est ne magna primis adolescens.

  Fusce euismod commodo velit.
  Fusce euismod commodo velit.

*Ipsum*:: Vivamus fringilla mi eu lacus.
- Vivamus fringilla mi eu lacus.
- Donec eget arcu bibendum nunc consequat lobortis.

*Dolor*:: \
  - Vivamus fringilla mi eu lacus.
  - Donec eget arcu bibendum nunc consequat lobortis.

Question and Answer Lists
-------------------------
Question one??
        Answer one.
Question two??
        Answer two.

Glossary Lists
--------------

A glossary term:-
    The corresponding definition.
A second glossary term:-
    The corresponding definition.

Bibliography Lists
------------------

+ [[[taoup]]] Eric Steven Raymond. 'The Art of UNIX
  Programming'. Addison-Wesley. ISBN 0-13-142901-9.
+ [[[walsh-muellner]]] Norman Walsh & Leonard Muellner.  'DocBook - The
  Definitive Guide'. O'Reilly & Associates.
  1999. ISBN 1-56592-580-7.

The same in a bibliography section, and without the doc typo

Bibliography
------------
+ [[[taoup]]] Eric Steven Raymond. 'The Art of UNIX
  Programming'. Addison-Wesley. ISBN 0-13-142901-9.
+ [[[walsh-muellner]]] Norman Walsh & Leonard Muellner.  'DocBook - The
  Definitive Guide'. O'Reilly & Associates. 1999.  ISBN 1-56592-580-7.

List Item Continuation
----------------------

1. List item one.
+
List item one continued with a second paragraph followed by an Indented
block.
+
.................
$ ls *.sh
$ mv *.sh ~/tmp
.................
+
List item one continued with a third paragraph.

2. List item two.

   List item two literal paragraph (no continuation required).

-  Nested list (item one).

   Nested list literal paragraph (no continuation required).
+
Nested list appended list item one paragraph

-  Nested list item two.


List Block
----------

.Nested List Block
1. List item one.
+
This paragraph is part of the preceding list item
+
--
a. This list is nested and does not require explicit item continuation.

This paragraph is part of the preceding list item

b. List item b.

This paragraph belongs to list item b.
--
+
This paragraph belongs to item 1.

2. Item 2 of the outer list.

