Test Paragraphs
===============

Default Paragraph
-----------------

Lorem ipsum dolor sit amet, consectetur adipisicing elit, sed do eiusmod
tempor incididunt ut labore et dolore magna aliqua. Ut enim ad minim veniam,
quis nostrud exercitation ullamco laboris nisi ut aliquip ex ea commodo
consequat. Duis aute irure dolor in reprehenderit in voluptate velit esse
cillum dolore eu fugiat nulla pariatur. Excepteur sint occaecat cupidatat
non proident, sunt in culpa qui officia deserunt mollit anim id est laborum.

Literal Paragraph
-----------------

    Lorem ipsum dolor sit amet, consectetur
    adipisicing elit, sed do eiusmod tempor incididunt
    ut labore et dolore magna aliqua. Ut enim ad minim
    veniam, quis nostrud exercitation ullamco laboris
    nisi ut aliquip ex ea commodo consequat. Duis aute
    irure dolor in reprehenderit in voluptate velit
    esse cillum dolore eu fugiat nulla pariatur.
    Excepteur sint occaecat cupidatat non proident,
    sunt in culpa qui officia deserunt mollit anim id
    est laborum.

[verse]
Lorem ipsum dolor sit amet, consectetur
adipisicing elit, sed do eiusmod tempor incididunt
ut labore et dolore magna aliqua. Ut enim ad minim
veniam, quis nostrud exercitation ullamco laboris
nisi ut aliquip ex ea commodo consequat. Duis aute
irure dolor in reprehenderit in voluptate velit
esse cillum dolore eu fugiat nulla pariatur.
Excepteur sint occaecat cupidatat non proident,
sunt in culpa qui officia deserunt mollit anim id
est laborum.

Admonition Paragraphs
---------------------

NOTE: This is an example note.

[NOTE]
This is an example note.

TIP: This is an example tip.

[TIP]
This is an example tip.

IMPORTANT: This is an example important.

[IMPORTANT]
This is an example important.

WARNING: This is an example warning.

[WARNING]
This is an example warning.

CAUTION: This is an example caution.

[CAUTION]
This is an example caution.

[icons=None, caption="My Special Note"]
NOTE: This is my special note.

[icon="./images/icons/wink.png"]
NOTE: What lovely war.

