# based on security/2008/dsa-1444.wml.
#use wml::debian::template title="Mein wunderbarer Titel"
#include "$(ENGLISHDIR)/security/2008/dsa-1444.data"
<define-tag description>Infos über Verwundbarkeiten</define-tag>
<define-tag moreinfo>

<p>
foo bar foo bar foo bar foo bar foo bar foo bar foo bar foo bar.
</p>

<p>
bar foo bar foo bar foo bar foo bar foo bar foo bar foo bar foo.
</p>

<ul>

<li><a href="http://example.com/">CVE-foo-bar</a>

    <p>
    cve foo bar cve foo bar cve foo bar cve foo bar.
    </p></li>

</ul>

</define-tag>




# based on devel/debian-installer/News/2007/20070720.wml.
#use wml::debian::news
<define-tag pagetitle>Ein Seitentitel</define-tag>
<define-tag release_date>2007-07-20</define-tag>

<p>
Beschreibung mit Zeilenumbruch,<br />
<q>Zitaten</q>, <a href="$(DEVEL)/debian-installer/">Links</a> und <a
href="#n1">Seitenverweisen</a>.
</p>
<ul>
  <li>Item a</li>
  <li>Item b</li>
</ul>

<p><strong>Notizen</strong></p>
<ol>
<li><a name="n1"></a>Hier ist ein Anker.</li>
</ol>
