---
Dir: en-US
Name: 'Fedora Installation Guide'
Topics:
  -
    File: index
    Name: 'Book Information'
  -
    File: Preface
    Name: Preface
  -
    File: Introduction
    Name: Introduction
  -
    File: Downloading_Fedora
    Name: 'Downloading Fedora'
  -
    Dir: install
    Name: 'Installing Fedora'
    Topics:
      -
        File: Preparing_for_Installation
        Name: 'Preparing for Installation'
      -
        File: Booting_the_Installation
        Name: 'Booting the Installation'
      -
        File: Installing_Using_Anaconda
        Name: 'Installing Using Anaconda'
      -
        File: After_Installation
        Name: 'After the Installation'
      -
        File: Troubleshooting
        Name: Troubleshooting
